<?xml version="1.0" encoding="UTF-8"?>
<testsuite name="NumbersToWordsTest" tests="1" skipped="0" failures="0" errors="0" timestamp="2015-08-12T00:01:01" hostname="epicodus-106.local" time="0.001">
  <properties/>
  <testcase name="test_forthree_3" classname="NumbersToWordsTest" time="0.001"/>
  <system-out><![CDATA[]]></system-out>
  <system-err><![CDATA[]]></system-err>
</testsuite>
